<?xml version="1.0" encoding="UTF-8"?>
<!-- Generated by org.testng.reporters.JUnitXMLReporter -->
<testsuite ignored="0" hostname="BSG-LAPTOP-53" failures="3" tests="3" name="Test" time="3.108" errors="0" timestamp="2022-03-07T15:32:01 IST">
  <testcase classname="com.practice.turing.testcases.TuringLoginPageTest" name="LoginTest" time="0.012">
    <failure type="java.lang.NullPointerException" message="Cannot invoke &amp;quot;java.util.Properties.getProperty(String)&amp;quot; because &amp;quot;com.practice.turing.testcases.TuringLoginPageTest.prop&amp;quot; is null">
      <![CDATA[java.lang.NullPointerException: Cannot invoke "java.util.Properties.getProperty(String)" because "com.practice.turing.testcases.TuringLoginPageTest.prop" is null
at com.practice.turing.testcases.TuringLoginPageTest.LoginTest(TuringLoginPageTest.java:31)
at java.base/java.util.ArrayList.forEach(ArrayList.java:1511)
... Removed 27 stack frames]]>
    </failure>
  </testcase> <!-- LoginTest -->
  <testcase classname="com.practice.turing.testcases.TuringLoginPageTest" name="verifyBankName" time="3.019">
    <failure type="java.lang.NullPointerException" message="Cannot invoke &amp;quot;org.openqa.selenium.WebDriver.findElement(org.openqa.selenium.By)&amp;quot; because &amp;quot;com.practice.turing.testcases.TuringLoginPageTest.driver&amp;quot; is null">
      <![CDATA[java.lang.NullPointerException: Cannot invoke "org.openqa.selenium.WebDriver.findElement(org.openqa.selenium.By)" because "com.practice.turing.testcases.TuringLoginPageTest.driver" is null
at com.practice.turing.testcases.TuringLoginPageTest.verifyBankName(TuringLoginPageTest.java:39)
at java.base/java.util.ArrayList.forEach(ArrayList.java:1511)
... Removed 27 stack frames]]>
    </failure>
  </testcase> <!-- verifyBankName -->
  <testcase classname="com.practice.turing.testcases.TuringHomePageTest" name="clickOnCustomerIndTest" time="0.003">
    <failure type="java.lang.NullPointerException" message="Cannot invoke &amp;quot;com.practice.turing.pages.TuringHomePage.clickOnCustomerInd()&amp;quot; because &amp;quot;this.turingHomePage&amp;quot; is null">
      <![CDATA[java.lang.NullPointerException: Cannot invoke "com.practice.turing.pages.TuringHomePage.clickOnCustomerInd()" because "this.turingHomePage" is null
at com.practice.turing.testcases.TuringHomePageTest.clickOnCustomerIndTest(TuringHomePageTest.java:36)
at java.base/java.util.ArrayList.forEach(ArrayList.java:1511)
... Removed 27 stack frames]]>
    </failure>
  </testcase> <!-- clickOnCustomerIndTest -->
</testsuite> <!-- Test -->
