<?xml version="1.0" encoding="UTF-8"?>
<!-- Generated by org.testng.reporters.JUnitXMLReporter -->
<testsuite ignored="0" hostname="BSG-LAPTOP-53" failures="1" tests="1" name="Test Home Page" time="0.009" errors="0" timestamp="2022-03-08T16:01:44 IST">
  <testcase classname="com.practice.turing.testcases.TuringHomePageTest" name="clickOnCustomerIndTest" time="0.003">
    <failure type="java.lang.NullPointerException" message="Cannot invoke &amp;quot;com.practice.turing.pages.TuringHomePage.clickOnCustomerInd()&amp;quot; because &amp;quot;this.turingHomePage&amp;quot; is null">
      <![CDATA[java.lang.NullPointerException: Cannot invoke "com.practice.turing.pages.TuringHomePage.clickOnCustomerInd()" because "this.turingHomePage" is null
at com.practice.turing.testcases.TuringHomePageTest.clickOnCustomerIndTest(TuringHomePageTest.java:36)
at java.base/java.util.ArrayList.forEach(ArrayList.java:1511)
... Removed 27 stack frames]]>
    </failure>
  </testcase> <!-- clickOnCustomerIndTest -->
</testsuite> <!-- Test Home Page -->
