<?xml version="1.0" encoding="UTF-8"?>
<testng-results skipped="0" failed="1" total="3" passed="2">
  <reporter-output>
  </reporter-output>
  <suite name="Surefire suite" duration-ms="32074" started-at="2022-03-10T12:31:42Z" finished-at="2022-03-10T12:32:14Z">
    <groups>
      <group name="smoke">
        <method signature="TuringLoginPageTest.verifyBankName()[pri:1, instance:com.practice.turing.testcases.TuringLoginPageTest@1efbd816]" name="verifyBankName" class="com.practice.turing.testcases.TuringLoginPageTest"/>
      </group> <!-- smoke -->
      <group name="sanity">
        <method signature="TuringLoginPageTest.LoginTest()[pri:1, instance:com.practice.turing.testcases.TuringLoginPageTest@1efbd816]" name="LoginTest" class="com.practice.turing.testcases.TuringLoginPageTest"/>
        <method signature="TuringLoginPageTest.verifyBankName()[pri:1, instance:com.practice.turing.testcases.TuringLoginPageTest@1efbd816]" name="verifyBankName" class="com.practice.turing.testcases.TuringLoginPageTest"/>
      </group> <!-- sanity -->
    </groups>
    <test name="Surefire test" duration-ms="32074" started-at="2022-03-10T12:31:42Z" finished-at="2022-03-10T12:32:14Z">
      <class name="com.practice.turing.testcases.TuringHomePageTest">
        <test-method status="PASS" signature="setup()[pri:0, instance:com.practice.turing.testcases.TuringHomePageTest@66d2e7d9]" name="setup" is-config="true" duration-ms="14601" started-at="2022-03-10T18:01:42Z" finished-at="2022-03-10T18:01:56Z">
          <reporter-output>
          </reporter-output>
        </test-method> <!-- setup -->
        <test-method status="PASS" signature="clickOnCustomerIndTest()[pri:1, instance:com.practice.turing.testcases.TuringHomePageTest@66d2e7d9]" name="clickOnCustomerIndTest" duration-ms="1039" started-at="2022-03-10T18:01:56Z" finished-at="2022-03-10T18:01:57Z">
          <reporter-output>
          </reporter-output>
        </test-method> <!-- clickOnCustomerIndTest -->
        <test-method status="PASS" signature="teardown()[pri:0, instance:com.practice.turing.testcases.TuringHomePageTest@66d2e7d9]" name="teardown" is-config="true" duration-ms="1527" started-at="2022-03-10T18:01:57Z" finished-at="2022-03-10T18:01:59Z">
          <reporter-output>
          </reporter-output>
        </test-method> <!-- teardown -->
      </class> <!-- com.practice.turing.testcases.TuringHomePageTest -->
      <class name="com.practice.turing.testcases.TuringLoginPageTest">
        <test-method status="PASS" signature="setup()[pri:0, instance:com.practice.turing.testcases.TuringLoginPageTest@1efbd816]" name="setup" is-config="true" duration-ms="6197" started-at="2022-03-10T18:01:59Z" finished-at="2022-03-10T18:02:05Z">
          <reporter-output>
          </reporter-output>
        </test-method> <!-- setup -->
        <test-method status="PASS" signature="LoginTest()[pri:1, instance:com.practice.turing.testcases.TuringLoginPageTest@1efbd816]" name="LoginTest" duration-ms="4586" started-at="2022-03-10T18:02:05Z" finished-at="2022-03-10T18:02:10Z">
          <reporter-output>
          </reporter-output>
        </test-method> <!-- LoginTest -->
        <test-method status="FAIL" signature="verifyBankName()[pri:1, instance:com.practice.turing.testcases.TuringLoginPageTest@1efbd816]" name="verifyBankName" duration-ms="3165" started-at="2022-03-10T18:02:10Z" finished-at="2022-03-10T18:02:13Z">
          <exception class="org.openqa.selenium.InvalidSelectorException">
            <message>
              <![CDATA[invalid selector: Unable to locate an element with the xpath expression //p[contains(text(),'RAJKOT PEOPLES CO OPERATIVE BANK LTD')])] because of the following error:
SyntaxError: Failed to execute 'evaluate' on 'Document': The string '//p[contains(text(),'RAJKOT PEOPLES CO OPERATIVE BANK LTD')])]' is not a valid XPath expression.
  (Session info: chrome=99.0.4844.51)
For documentation on this error, please visit: https://www.seleniumhq.org/exceptions/invalid_selector_exception.html
Build info: version: '3.141.59', revision: 'e82be7d358', time: '2018-11-14T08:17:03'
System info: host: 'BSG-LAPTOP-53', ip: '192.168.1.65', os.name: 'Windows 10', os.arch: 'amd64', os.version: '10.0', java.version: '1.8.0_202'
Driver info: org.openqa.selenium.chrome.ChromeDriver
Capabilities {acceptInsecureCerts: false, browserName: chrome, browserVersion: 99.0.4844.51, chrome: {chromedriverVersion: 99.0.4844.51 (d537ec02474b5..., userDataDir: C:\Users\lipsas\AppData\Loc...}, goog:chromeOptions: {debuggerAddress: localhost:62471}, javascriptEnabled: true, networkConnectionEnabled: false, pageLoadStrategy: normal, platform: WINDOWS, platformName: WINDOWS, proxy: Proxy(), setWindowRect: true, strictFileInteractability: false, timeouts: {implicit: 0, pageLoad: 300000, script: 30000}, unhandledPromptBehavior: dismiss and notify, webauthn:extension:credBlob: true, webauthn:extension:largeBlob: true, webauthn:virtualAuthenticators: true}
Session ID: 30e9b86890d182d97f2a66c380e3e4a0
*** Element info: {Using=xpath, value=//p[contains(text(),'RAJKOT PEOPLES CO OPERATIVE BANK LTD')])]}]]>
            </message>
            <full-stacktrace>
              <![CDATA[org.openqa.selenium.InvalidSelectorException: invalid selector: Unable to locate an element with the xpath expression //p[contains(text(),'RAJKOT PEOPLES CO OPERATIVE BANK LTD')])] because of the following error:
SyntaxError: Failed to execute 'evaluate' on 'Document': The string '//p[contains(text(),'RAJKOT PEOPLES CO OPERATIVE BANK LTD')])]' is not a valid XPath expression.
  (Session info: chrome=99.0.4844.51)
For documentation on this error, please visit: https://www.seleniumhq.org/exceptions/invalid_selector_exception.html
Build info: version: '3.141.59', revision: 'e82be7d358', time: '2018-11-14T08:17:03'
System info: host: 'BSG-LAPTOP-53', ip: '192.168.1.65', os.name: 'Windows 10', os.arch: 'amd64', os.version: '10.0', java.version: '1.8.0_202'
Driver info: org.openqa.selenium.chrome.ChromeDriver
Capabilities {acceptInsecureCerts: false, browserName: chrome, browserVersion: 99.0.4844.51, chrome: {chromedriverVersion: 99.0.4844.51 (d537ec02474b5..., userDataDir: C:\Users\lipsas\AppData\Loc...}, goog:chromeOptions: {debuggerAddress: localhost:62471}, javascriptEnabled: true, networkConnectionEnabled: false, pageLoadStrategy: normal, platform: WINDOWS, platformName: WINDOWS, proxy: Proxy(), setWindowRect: true, strictFileInteractability: false, timeouts: {implicit: 0, pageLoad: 300000, script: 30000}, unhandledPromptBehavior: dismiss and notify, webauthn:extension:credBlob: true, webauthn:extension:largeBlob: true, webauthn:virtualAuthenticators: true}
Session ID: 30e9b86890d182d97f2a66c380e3e4a0
*** Element info: {Using=xpath, value=//p[contains(text(),'RAJKOT PEOPLES CO OPERATIVE BANK LTD')])]}
	at sun.reflect.NativeConstructorAccessorImpl.newInstance0(Native Method)
	at sun.reflect.NativeConstructorAccessorImpl.newInstance(NativeConstructorAccessorImpl.java:62)
	at sun.reflect.DelegatingConstructorAccessorImpl.newInstance(DelegatingConstructorAccessorImpl.java:45)
	at java.lang.reflect.Constructor.newInstance(Constructor.java:423)
	at org.openqa.selenium.remote.http.W3CHttpResponseCodec.createException(W3CHttpResponseCodec.java:187)
	at org.openqa.selenium.remote.http.W3CHttpResponseCodec.decode(W3CHttpResponseCodec.java:122)
	at org.openqa.selenium.remote.http.W3CHttpResponseCodec.decode(W3CHttpResponseCodec.java:49)
	at org.openqa.selenium.remote.HttpCommandExecutor.execute(HttpCommandExecutor.java:158)
	at org.openqa.selenium.remote.service.DriverCommandExecutor.execute(DriverCommandExecutor.java:83)
	at org.openqa.selenium.remote.RemoteWebDriver.execute(RemoteWebDriver.java:552)
	at org.openqa.selenium.remote.RemoteWebDriver.findElement(RemoteWebDriver.java:323)
	at org.openqa.selenium.remote.RemoteWebDriver.findElementByXPath(RemoteWebDriver.java:428)
	at org.openqa.selenium.By$ByXPath.findElement(By.java:353)
	at org.openqa.selenium.remote.RemoteWebDriver.findElement(RemoteWebDriver.java:315)
	at com.practice.turing.testcases.TuringLoginPageTest.verifyBankName(TuringLoginPageTest.java:39)
	at sun.reflect.NativeMethodAccessorImpl.invoke0(Native Method)
	at sun.reflect.NativeMethodAccessorImpl.invoke(NativeMethodAccessorImpl.java:62)
	at sun.reflect.DelegatingMethodAccessorImpl.invoke(DelegatingMethodAccessorImpl.java:43)
	at java.lang.reflect.Method.invoke(Method.java:498)
	at org.testng.internal.MethodInvocationHelper.invokeMethod(MethodInvocationHelper.java:86)
	at org.testng.internal.Invoker.invokeMethod(Invoker.java:643)
	at org.testng.internal.Invoker.invokeTestMethod(Invoker.java:820)
	at org.testng.internal.Invoker.invokeTestMethods(Invoker.java:1128)
	at org.testng.internal.TestMethodWorker.invokeTestMethods(TestMethodWorker.java:129)
	at org.testng.internal.TestMethodWorker.run(TestMethodWorker.java:112)
	at org.testng.TestRunner.privateRun(TestRunner.java:782)
	at org.testng.TestRunner.run(TestRunner.java:632)
	at org.testng.SuiteRunner.runTest(SuiteRunner.java:366)
	at org.testng.SuiteRunner.runSequentially(SuiteRunner.java:361)
	at org.testng.SuiteRunner.privateRun(SuiteRunner.java:319)
	at org.testng.SuiteRunner.run(SuiteRunner.java:268)
	at org.testng.SuiteRunnerWorker.runSuite(SuiteRunnerWorker.java:52)
	at org.testng.SuiteRunnerWorker.run(SuiteRunnerWorker.java:86)
	at org.testng.TestNG.runSuitesSequentially(TestNG.java:1244)
	at org.testng.TestNG.runSuitesLocally(TestNG.java:1169)
	at org.testng.TestNG.run(TestNG.java:1064)
	at org.apache.maven.surefire.testng.TestNGExecutor.run(TestNGExecutor.java:136)
	at org.apache.maven.surefire.testng.TestNGDirectoryTestSuite.executeMulti(TestNGDirectoryTestSuite.java:193)
	at org.apache.maven.surefire.testng.TestNGDirectoryTestSuite.execute(TestNGDirectoryTestSuite.java:94)
	at org.apache.maven.surefire.testng.TestNGProvider.invoke(TestNGProvider.java:145)
	at org.apache.maven.surefire.booter.ForkedBooter.runSuitesInProcess(ForkedBooter.java:428)
	at org.apache.maven.surefire.booter.ForkedBooter.execute(ForkedBooter.java:162)
	at org.apache.maven.surefire.booter.ForkedBooter.run(ForkedBooter.java:562)
	at org.apache.maven.surefire.booter.ForkedBooter.main(ForkedBooter.java:548)
]]>
            </full-stacktrace>
          </exception> <!-- org.openqa.selenium.InvalidSelectorException -->
          <reporter-output>
          </reporter-output>
        </test-method> <!-- verifyBankName -->
        <test-method status="PASS" signature="teardown()[pri:0, instance:com.practice.turing.testcases.TuringLoginPageTest@1efbd816]" name="teardown" is-config="true" duration-ms="930" started-at="2022-03-10T18:02:13Z" finished-at="2022-03-10T18:02:14Z">
          <reporter-output>
          </reporter-output>
        </test-method> <!-- teardown -->
      </class> <!-- com.practice.turing.testcases.TuringLoginPageTest -->
    </test> <!-- Surefire test -->
  </suite> <!-- Surefire suite -->
</testng-results>
